<html>
<head>
<title>TestNG:  Default test</title>
<link href="../testng.css" rel="stylesheet" type="text/css" />
<link href="../my-testng.css" rel="stylesheet" type="text/css" />

<style type="text/css">
.log { display: none;} 
.stack-trace { display: none;} 
</style>
<script type="text/javascript">
<!--
function flip(e) {
  current = e.style.display;
  if (current == 'block') {
    e.style.display = 'none';
    return 0;
  }
  else {
    e.style.display = 'block';
    return 1;
  }
}

function toggleBox(szDivId, elem, msg1, msg2)
{
  var res = -1;  if (document.getElementById) {
    res = flip(document.getElementById(szDivId));
  }
  else if (document.all) {
    // this is the way old msie versions work
    res = flip(document.all[szDivId]);
  }
  if(elem) {
    if(res == 0) elem.innerHTML = msg1; else elem.innerHTML = msg2;
  }

}

function toggleAllBoxes() {
  if (document.getElementsByTagName) {
    d = document.getElementsByTagName('div');
    for (i = 0; i < d.length; i++) {
      if (d[i].className == 'log') {
        flip(d[i]);
      }
    }
  }
}

// -->
</script>

</head>
<body>
<h2 align='center'>Default test</h2><table border='1' align="center">
<tr>
<td>Tests passed/Failed/Skipped:</td><td>6/1/0</td>
</tr><tr>
<td>Started on:</td><td>Mon Sep 03 12:50:24 IST 2018</td>
</tr>
<tr><td>Total time:</td><td>117 seconds (117558 ms)</td>
</tr><tr>
<td>Included groups:</td><td></td>
</tr><tr>
<td>Excluded groups:</td><td></td>
</tr>
</table><p/>
<small><i>(Hover the method name to see the test class name)</i></small><p/>
<table width='100%' border='1' class='invocation-failed'>
<tr><td colspan='4' align='center'><b>FAILED TESTS</b></td></tr>
<tr><td><b>Test method</b></td>
<td width="30%"><b>Exception</b></td>
<td width="10%"><b>Time (seconds)</b></td>
<td><b>Instance</b></td>
</tr>
<tr>
<td title='com.puma.TC.productselection.TC_Purchase_Of_MenRunningShoes.tcValidateCartWithProductNamePriceAndQuantity()'><b>tcValidateCartWithProductNamePriceAndQuantity</b><br>Test class: com.puma.TC.productselection.TC_Purchase_Of_MenRunningShoes<br>Parameters: 7, 1, Y<br/>
<a href="#Output-1628551735" onClick='toggleBox("Output-1628551735", this, "Show output", "Hide output");'>Show output</a>

<a href="#Output-1628551735" onClick="toggleAllBoxes();">Show all outputs</a>
<div class='log' id="Output-1628551735">
Actual page tiltle for cart is same as expected.<br/>
Product name appear on main page is same as Cart page and object is:-[[ChromeDriver: chrome on XP (e3c7c1bc69ac3e46ce98d0570c349b48)] -> xpath: //table[@id='shopping-cart-table']/tbody/tr/td[2]/h2/a]<br/>
Product Price appear on main page is same as Cart page and object is:-[[ChromeDriver: chrome on XP (e3c7c1bc69ac3e46ce98d0570c349b48)] -> xpath: //table[@id='shopping-cart-table']/tbody/tr/td[3]/span/span]<br/>
</div>
</td>
<td><div><pre>java.lang.AssertionError: expected [1] but found [4]
	at org.testng.Assert.fail(Assert.java:94)
	at org.testng.Assert.failNotEquals(Assert.java:513)
	at org.testng.Assert.assertEqualsImpl(Assert.java:135)
	at org.testng.Assert.assertEquals(Assert.java:116)
	at org.testng.Assert.assertEquals(Assert.java:190)
	at org.testng.Assert.assertEquals(Assert.java:200)
	at com.puma.productselection.Purchase_of_MenRunningShoes.validateCartWithProductNamePriceAndQuantity(Purchase_of_MenRunningShoes.java:198)
	at com.puma.TC.productselection.TC_Purchase_Of_MenRunningShoes.tcValidateCartWithProductNamePriceAndQuantity(TC_Purchase_Of_MenRunningShoes.java:164)
	at sun.reflect.NativeMethodAccessorImpl.invoke0(Native Method)
	at sun.reflect.NativeMethodAccessorImpl.invoke(Unknown Source)
	at sun.reflect.DelegatingMethodAccessorImpl.invoke(Unknown Source)
	at java.lang.reflect.Method.invoke(Unknown Source)
	at org.testng.internal.MethodInvocationHelper.invokeMethod(MethodInvocationHelper.java:104)
	at org.testng.internal.Invoker.invokeMethod(Invoker.java:645)
	at org.testng.internal.Invoker.invokeTestMethod(Invoker.java:851)
	at org.testng.internal.Invoker.invokeTestMethods(Invoker.java:1177)
	at org.testng.internal.TestMethodWorker.invokeTestMethods(TestMethodWorker.java:129)
	at org.testng.internal.TestMethodWorker.run(TestMethodWorker.java:112)
	at org.testng.TestRunner.privateRun(TestRunner.java:756)
	at org.testng.TestRunner.run(TestRunner.java:610)
	at org.testng.SuiteRunner.runTest(SuiteRunner.java:387)
	at org.testng.SuiteRunner.runSequentially(SuiteRunner.java:382)
	at org.testng.SuiteRunner.privateRun(SuiteRunner.java:340)
	at org.testng.SuiteRunner.run(SuiteRunner.java:289)
	at org.testng.SuiteRunnerWorker.runSuite(SuiteRunnerWorker.java:52)
	at org.testng.SuiteRunnerWorker.run(SuiteRunnerWorker.java:86)
	at org.testng.TestNG.runSuitesSequentially(TestNG.java:1293)
	at org.testng.TestNG.runSuitesLocally(TestNG.java:1218)
	at org.testng.TestNG.runSuites(TestNG.java:1133)
	at org.testng.TestNG.run(TestNG.java:1104)
	at org.testng.remote.AbstractRemoteTestNG.run(AbstractRemoteTestNG.java:132)
	at org.testng.remote.RemoteTestNG.initAndRun(RemoteTestNG.java:230)
	at org.testng.remote.RemoteTestNG.main(RemoteTestNG.java:76)
</pre></div><a href='#' onClick='toggleBox("stack-trace1628551735", this, "Click to show all stack frames", "Click to hide stack frames")'>Click to show all stack frames</a>
<div class='stack-trace' id='stack-trace1628551735'><pre>java.lang.AssertionError: expected [1] but found [4]
	at org.testng.Assert.fail(Assert.java:94)
	at org.testng.Assert.failNotEquals(Assert.java:513)
	at org.testng.Assert.assertEqualsImpl(Assert.java:135)
	at org.testng.Assert.assertEquals(Assert.java:116)
	at org.testng.Assert.assertEquals(Assert.java:190)
	at org.testng.Assert.assertEquals(Assert.java:200)
	at com.puma.productselection.Purchase_of_MenRunningShoes.validateCartWithProductNamePriceAndQuantity(Purchase_of_MenRunningShoes.java:198)
	at com.puma.TC.productselection.TC_Purchase_Of_MenRunningShoes.tcValidateCartWithProductNamePriceAndQuantity(TC_Purchase_Of_MenRunningShoes.java:164)
	at sun.reflect.NativeMethodAccessorImpl.invoke0(Native Method)
	at sun.reflect.NativeMethodAccessorImpl.invoke(Unknown Source)
	at sun.reflect.DelegatingMethodAccessorImpl.invoke(Unknown Source)
	at java.lang.reflect.Method.invoke(Unknown Source)
	at org.testng.internal.MethodInvocationHelper.invokeMethod(MethodInvocationHelper.java:104)
	at org.testng.internal.Invoker.invokeMethod(Invoker.java:645)
	at org.testng.internal.Invoker.invokeTestMethod(Invoker.java:851)
	at org.testng.internal.Invoker.invokeTestMethods(Invoker.java:1177)
	at org.testng.internal.TestMethodWorker.invokeTestMethods(TestMethodWorker.java:129)
	at org.testng.internal.TestMethodWorker.run(TestMethodWorker.java:112)
	at org.testng.TestRunner.privateRun(TestRunner.java:756)
	at org.testng.TestRunner.run(TestRunner.java:610)
	at org.testng.SuiteRunner.runTest(SuiteRunner.java:387)
	at org.testng.SuiteRunner.runSequentially(SuiteRunner.java:382)
	at org.testng.SuiteRunner.privateRun(SuiteRunner.java:340)
	at org.testng.SuiteRunner.run(SuiteRunner.java:289)
	at org.testng.SuiteRunnerWorker.runSuite(SuiteRunnerWorker.java:52)
	at org.testng.SuiteRunnerWorker.run(SuiteRunnerWorker.java:86)
	at org.testng.TestNG.runSuitesSequentially(TestNG.java:1293)
	at org.testng.TestNG.runSuitesLocally(TestNG.java:1218)
	at org.testng.TestNG.runSuites(TestNG.java:1133)
	at org.testng.TestNG.run(TestNG.java:1104)
	at org.testng.remote.AbstractRemoteTestNG.run(AbstractRemoteTestNG.java:132)
	at org.testng.remote.RemoteTestNG.initAndRun(RemoteTestNG.java:230)
	at org.testng.remote.RemoteTestNG.main(RemoteTestNG.java:76)
</pre></div></td>
<td>3</td>
<td>com.puma.TC.productselection.TC_Purchase_Of_MenRunningShoes@62e136d3</td></tr>
</table><p>
<table width='100%' border='1' class='invocation-passed'>
<tr><td colspan='4' align='center'><b>PASSED TESTS</b></td></tr>
<tr><td><b>Test method</b></td>
<td width="30%"><b>Exception</b></td>
<td width="10%"><b>Time (seconds)</b></td>
<td><b>Instance</b></td>
</tr>
<tr>
<td title='com.puma.TC.productselection.TC_Purchase_Of_MenRunningShoes.loginToappWithrequiredCredentials()'><b>loginToappWithrequiredCredentials</b><br>Test class: com.puma.TC.productselection.TC_Purchase_Of_MenRunningShoes<br>Parameters: arvindbose16@gmail.com, Arvind@012, Y<br/>
<a href="#Output-1624351535" onClick='toggleBox("Output-1624351535", this, "Show output", "Hide output");'>Show output</a>

<a href="#Output-1624351535" onClick="toggleAllBoxes();">Show all outputs</a>
<div class='log' id="Output-1624351535">
<a href='C:\Users\vaps\Desktop\PUMAPORTAL\src\main\java\com\puma\screenshot\Login Page_03_09_2018_12_50_39.png'> <img src='C:\Users\vaps\Desktop\PUMAPORTAL\src\main\java\com\puma\screenshot\Login Page_03_09_2018_12_50_39.png' height='100' width='100'/> </a><br/>
Clicked on sign in button, Login window appeared and object is:-[[ChromeDriver: chrome on XP (e3c7c1bc69ac3e46ce98d0570c349b48)] -> xpath: //div[@class='utility-menu']/ul/li[4]/a]<br/>
Entered user name:-arvindbose16@gmail.com and object is [[ChromeDriver: chrome on XP (e3c7c1bc69ac3e46ce98d0570c349b48)] -> xpath: //input[@name='socialogin_email']]<br/>
Entered password:-Arvind@012 and object is [[ChromeDriver: chrome on XP (e3c7c1bc69ac3e46ce98d0570c349b48)] -> xpath: //input[@name='socialogin_password']]<br/>
cliked on login button and object is:-[[ChromeDriver: chrome on XP (e3c7c1bc69ac3e46ce98d0570c349b48)] -> xpath: //button[@name='send']]<br/>
Home button is dispalyed and object is:-[[ChromeDriver: chrome on XP (e3c7c1bc69ac3e46ce98d0570c349b48)] -> xpath: //div[@class='skip-links-inner']/a[1]]<br/>
<a href='C:\Users\vaps\Desktop\PUMAPORTAL\src\main\java\com\puma\screenshot\loginToappWithrequiredCredentials_03_09_2018_12_50_50.png'> <img src='C:\Users\vaps\Desktop\PUMAPORTAL\src\main\java\com\puma\screenshot\loginToappWithrequiredCredentials_03_09_2018_12_50_50.png' height='100' width='100'/> </a><br/>
</div>
</td>
<td></td>
<td>11</td>
<td>com.puma.TC.productselection.TC_Purchase_Of_MenRunningShoes@62e136d3</td></tr>
<tr>
<td title='com.puma.TC.productselection.TC_Purchase_Of_MenRunningShoes.tcAddToCartSelectedProduct()'><b>tcAddToCartSelectedProduct</b><br>Test class: com.puma.TC.productselection.TC_Purchase_Of_MenRunningShoes<br/>
<a href="#Output-911501858" onClick='toggleBox("Output-911501858", this, "Show output", "Hide output");'>Show output</a>

<a href="#Output-911501858" onClick="toggleAllBoxes();">Show all outputs</a>
<div class='log' id="Output-911501858">
Click on add to cart button to add product in cart and object is:-Proxy element for: DefaultElementLocator 'By.xpath: //div[@class='add-to-cart']//button'<br/>
<a href='C:\Users\vaps\Desktop\PUMAPORTAL\src\main\java\com\puma\screenshot\tcAddToCartSelectedProduct_03_09_2018_12_52_14.png'> <img src='C:\Users\vaps\Desktop\PUMAPORTAL\src\main\java\com\puma\screenshot\tcAddToCartSelectedProduct_03_09_2018_12_52_14.png' height='100' width='100'/> </a><br/>
</div>
</td>
<td></td>
<td>71</td>
<td>com.puma.TC.productselection.TC_Purchase_Of_MenRunningShoes@62e136d3</td></tr>
<tr>
<td title='com.puma.TC.productselection.TC_Purchase_Of_MenRunningShoes.tcClcikOnSecondShoe_AndSwitchToCartPage()'><b>tcClcikOnSecondShoe_AndSwitchToCartPage</b><br>Test class: com.puma.TC.productselection.TC_Purchase_Of_MenRunningShoes<br/>
<a href="#Output-1205559205" onClick='toggleBox("Output-1205559205", this, "Show output", "Hide output");'>Show output</a>

<a href="#Output-1205559205" onClick="toggleAllBoxes();">Show all outputs</a>
<div class='log' id="Output-1205559205">
clicked on 2nd shoes and new window lauunch for carting and object is:-[[ChromeDriver: chrome on XP (e3c7c1bc69ac3e46ce98d0570c349b48)] -> xpath: //div[@class='category-products']/ul[1]/li[2]]<br/>
Window switch to cart window.<br/>
Window switch to cart window.<br/>
<a href='C:\Users\vaps\Desktop\PUMAPORTAL\src\main\java\com\puma\screenshot\tcClcikOnSecondShoe_AndSwitchToCartPage_03_09_2018_12_50_59.png'> <img src='C:\Users\vaps\Desktop\PUMAPORTAL\src\main\java\com\puma\screenshot\tcClcikOnSecondShoe_AndSwitchToCartPage_03_09_2018_12_50_59.png' height='100' width='100'/> </a><br/>
</div>
</td>
<td></td>
<td>5</td>
<td>com.puma.TC.productselection.TC_Purchase_Of_MenRunningShoes@62e136d3</td></tr>
<tr>
<td title='com.puma.TC.productselection.TC_Purchase_Of_MenRunningShoes.tcNavigateTo_Men_RunningShoes()'><b>tcNavigateTo_Men_RunningShoes</b><br>Test class: com.puma.TC.productselection.TC_Purchase_Of_MenRunningShoes<br/>
<a href="#Output-1547398254" onClick='toggleBox("Output-1547398254", this, "Show output", "Hide output");'>Show output</a>

<a href="#Output-1547398254" onClick="toggleAllBoxes();">Show all outputs</a>
<div class='log' id="Output-1547398254">
Clicked on men running shoes.<br/>
<a href='C:\Users\vaps\Desktop\PUMAPORTAL\src\main\java\com\puma\screenshot\tcNavigateTo_Men_RunningShoes_03_09_2018_12_50_55.png'> <img src='C:\Users\vaps\Desktop\PUMAPORTAL\src\main\java\com\puma\screenshot\tcNavigateTo_Men_RunningShoes_03_09_2018_12_50_55.png' height='100' width='100'/> </a><br/>
</div>
</td>
<td></td>
<td>4</td>
<td>com.puma.TC.productselection.TC_Purchase_Of_MenRunningShoes@62e136d3</td></tr>
<tr>
<td title='com.puma.TC.productselection.TC_Purchase_Of_MenRunningShoes.tcSelectSizeAndQuantity()'><b>tcSelectSizeAndQuantity</b><br>Test class: com.puma.TC.productselection.TC_Purchase_Of_MenRunningShoes<br>Parameters: 7, 1, Y<br/>
<a href="#Output-1978504976" onClick='toggleBox("Output-1978504976", this, "Show output", "Hide output");'>Show output</a>

<a href="#Output-1978504976" onClick="toggleAllBoxes();">Show all outputs</a>
<div class='log' id="Output-1978504976">
Clicked on size selection button and size list panel appeared<br/>
Clicked on specific size and selected size appear in the box.<br/>
<a href='C:\Users\vaps\Desktop\PUMAPORTAL\src\main\java\com\puma\screenshot\tcSelectSizeAndQuantity_03_09_2018_12_51_03.png'> <img src='C:\Users\vaps\Desktop\PUMAPORTAL\src\main\java\com\puma\screenshot\tcSelectSizeAndQuantity_03_09_2018_12_51_03.png' height='100' width='100'/> </a><br/>
</div>
</td>
<td></td>
<td>2</td>
<td>com.puma.TC.productselection.TC_Purchase_Of_MenRunningShoes@62e136d3</td></tr>
<tr>
<td title='com.puma.TC.productselection.TC_Purchase_Of_MenRunningShoes.tcVerifyPageTitle()'><b>tcVerifyPageTitle</b><br>Test class: com.puma.TC.productselection.TC_Purchase_Of_MenRunningShoes<br/>
<a href="#Output-1100399456" onClick='toggleBox("Output-1100399456", this, "Show output", "Hide output");'>Show output</a>

<a href="#Output-1100399456" onClick="toggleAllBoxes();">Show all outputs</a>
<div class='log' id="Output-1100399456">
Actual page title is same as expected.<br/>
<a href='C:\Users\vaps\Desktop\PUMAPORTAL\src\main\java\com\puma\screenshot\tcVerifyPageTitle_03_09_2018_12_50_38.png'> <img src='C:\Users\vaps\Desktop\PUMAPORTAL\src\main\java\com\puma\screenshot\tcVerifyPageTitle_03_09_2018_12_50_38.png' height='100' width='100'/> </a><br/>
</div>
</td>
<td></td>
<td>0</td>
<td>com.puma.TC.productselection.TC_Purchase_Of_MenRunningShoes@62e136d3</td></tr>
</table><p>
</body>
</html>